<?xml version="1.0" encoding="UTF-8"?>
<testng-results skipped="0" failed="1" total="1" passed="0">
  <reporter-output>
  </reporter-output>
  <suite name="Default suite" duration-ms="23849" started-at="2018-01-14T09:10:41Z" finished-at="2018-01-14T09:11:05Z">
    <groups>
    </groups>
    <test name="Default test" duration-ms="23849" started-at="2018-01-14T09:10:41Z" finished-at="2018-01-14T09:11:05Z">
      <class name="com.in.events.googleSearchEvent">
        <test-method status="PASS" signature="setReportPath()[pri:0, instance:com.in.events.googleSearchEvent@2b2948e2]" name="setReportPath" is-config="true" duration-ms="528" started-at="2018-01-14T14:40:41Z" finished-at="2018-01-14T14:40:42Z">
          <reporter-output>
          </reporter-output>
        </test-method> <!-- setReportPath -->
        <test-method status="FAIL" signature="doOperation()[pri:0, instance:com.in.events.googleSearchEvent@2b2948e2]" name="doOperation" duration-ms="21386" started-at="2018-01-14T14:40:42Z" finished-at="2018-01-14T14:41:03Z">
          <exception class="java.lang.AssertionError">
            <message>
              <![CDATA[expected [gogle] but found [Google]]]>
            </message>
            <full-stacktrace>
              <![CDATA[java.lang.AssertionError: expected [gogle] but found [Google]
	at org.testng.Assert.fail(Assert.java:94)
	at org.testng.Assert.failNotEquals(Assert.java:496)
	at org.testng.Assert.assertEquals(Assert.java:125)
	at org.testng.Assert.assertEquals(Assert.java:178)
	at org.testng.Assert.assertEquals(Assert.java:188)
	at com.in.events.googleSearchEvent.doOperation(googleSearchEvent.java:28)
	at sun.reflect.NativeMethodAccessorImpl.invoke0(Native Method)
	at sun.reflect.NativeMethodAccessorImpl.invoke(NativeMethodAccessorImpl.java:62)
	at sun.reflect.DelegatingMethodAccessorImpl.invoke(DelegatingMethodAccessorImpl.java:43)
	at java.lang.reflect.Method.invoke(Method.java:498)
	at org.testng.internal.MethodInvocationHelper.invokeMethod(MethodInvocationHelper.java:85)
	at org.testng.internal.Invoker.invokeMethod(Invoker.java:639)
	at org.testng.internal.Invoker.invokeTestMethod(Invoker.java:816)
	at org.testng.internal.Invoker.invokeTestMethods(Invoker.java:1124)
	at org.testng.internal.TestMethodWorker.invokeTestMethods(TestMethodWorker.java:125)
	at org.testng.internal.TestMethodWorker.run(TestMethodWorker.java:108)
	at org.testng.TestRunner.privateRun(TestRunner.java:774)
	at org.testng.TestRunner.run(TestRunner.java:624)
	at org.testng.SuiteRunner.runTest(SuiteRunner.java:359)
	at org.testng.SuiteRunner.runSequentially(SuiteRunner.java:354)
	at org.testng.SuiteRunner.privateRun(SuiteRunner.java:312)
	at org.testng.SuiteRunner.run(SuiteRunner.java:261)
	at org.testng.SuiteRunnerWorker.runSuite(SuiteRunnerWorker.java:52)
	at org.testng.SuiteRunnerWorker.run(SuiteRunnerWorker.java:86)
	at org.testng.TestNG.runSuitesSequentially(TestNG.java:1215)
	at org.testng.TestNG.runSuitesLocally(TestNG.java:1140)
	at org.testng.TestNG.run(TestNG.java:1048)
	at org.testng.remote.AbstractRemoteTestNG.run(AbstractRemoteTestNG.java:114)
	at org.testng.remote.RemoteTestNG.initAndRun(RemoteTestNG.java:251)
	at org.testng.remote.RemoteTestNG.main(RemoteTestNG.java:77)
]]>
            </full-stacktrace>
          </exception> <!-- java.lang.AssertionError -->
          <reporter-output>
          </reporter-output>
        </test-method> <!-- doOperation -->
        <test-method status="PASS" signature="getResult(org.testng.ITestResult)[pri:0, instance:com.in.events.googleSearchEvent@2b2948e2]" name="getResult" is-config="true" duration-ms="646" started-at="2018-01-14T14:41:03Z" finished-at="2018-01-14T14:41:04Z">
          <params>
            <param index="0">
              <value>
                <![CDATA[[TestResult name=doOperation status=FAILURE method=googleSearchEvent.doOperation()[pri:0, instance:com.in.events.googleSearchEvent@2b2948e2] output={null}]]]>
              </value>
            </param>
          </params>
          <reporter-output>
          </reporter-output>
        </test-method> <!-- getResult -->
        <test-method status="PASS" signature="flushReport()[pri:0, instance:com.in.events.googleSearchEvent@2b2948e2]" name="flushReport" is-config="true" duration-ms="1240" started-at="2018-01-14T14:41:04Z" finished-at="2018-01-14T14:41:05Z">
          <reporter-output>
          </reporter-output>
        </test-method> <!-- flushReport -->
      </class> <!-- com.in.events.googleSearchEvent -->
    </test> <!-- Default test -->
  </suite> <!-- Default suite -->
</testng-results>
